<?xml version="1.0" encoding="UTF-8"?>
<!-- Generated by org.testng.reporters.JUnitReportReporter -->
<testsuite hostname="SAI" failures="0" tests="2" name="TestClass1.TestNgclassForLogin" time="0.032" errors="0" timestamp="2022-06-27T23:07:48 IST" skipped="0">
  <testcase classname="TestClass1.TestNgclassForLogin" name="test" time="0.025"/>
  <system-out/>
  <testcase classname="TestClass1.TestNgclassForLogin" name="test1" time="0.007"/>
  <system-out/>
</testsuite> <!-- TestClass1.TestNgclassForLogin -->
