<?xml version="1.0" encoding="UTF-8"?>
<!-- Generated by org.testng.reporters.JUnitReportReporter -->
<testsuite hostname="SAI" failures="0" tests="4" name="facebook2.TestngSuitePractice1" time="0.017" errors="0" timestamp="2022-07-04T14:21:26 IST" skipped="0">
  <testcase classname="facebook2.TestngSuitePractice1" name="testNew1" time="0.003"/>
  <system-out/>
  <testcase classname="facebook2.TestngSuitePractice1" name="testNew2" time="0.005"/>
  <system-out/>
  <testcase classname="facebook2.TestngSuitePractice1" name="testNew3" time="0.005"/>
  <system-out/>
  <testcase classname="facebook2.TestngSuitePractice1" name="testNew4" time="0.004"/>
  <system-out/>
</testsuite> <!-- facebook2.TestngSuitePractice1 -->
