<?xml version="1.0" encoding="UTF-8"?>
<!-- Generated by org.testng.reporters.JUnitReportReporter -->
<testsuite hostname="SAI" failures="0" tests="4" name="facebook.TestNGpractice" time="0.026" errors="0" timestamp="2022-07-04T14:27:06 IST" skipped="0">
  <testcase classname="facebook.TestNGpractice" name="testB" time="0.005"/>
  <system-out/>
  <testcase classname="facebook.TestNGpractice" name="testC" time="0.010"/>
  <system-out/>
  <testcase classname="facebook.TestNGpractice" name="testD" time="0.002"/>
  <system-out/>
  <testcase classname="facebook.TestNGpractice" name="testA" time="0.009"/>
  <system-out/>
</testsuite> <!-- facebook.TestNGpractice -->
