<?xml version="1.0" encoding="UTF-8"?>
<!-- Generated by org.testng.reporters.JUnitReportReporter -->
<testsuite hostname="SAI" failures="0" tests="2" name="TestClass1.TestNgPractice" time="0.017" errors="0" timestamp="2022-06-27T23:35:45 IST" skipped="0">
  <testcase classname="TestClass1.TestNgPractice" name="test1" time="0.005"/>
  <system-out/>
  <testcase classname="TestClass1.TestNgPractice" name="test" time="0.012"/>
  <system-out/>
</testsuite> <!-- TestClass1.TestNgPractice -->
